#
# There is insufficient memory for the Java Runtime Environment to continue.
# Native memory allocation (malloc) failed to allocate 32744 bytes for ChunkPool::allocate
# Possible reasons:
#   The system is out of physical RAM or swap space
#   The process is running with CompressedOops enabled, and the Java Heap may be blocking the growth of the native heap
# Possible solutions:
#   Reduce memory load on the system
#   Increase physical memory or swap space
#   Check if swap backing store is full
#   Decrease Java heap size (-Xmx/-Xms)
#   Decrease number of Java threads
#   Decrease Java thread stack sizes (-Xss)
#   Set larger code cache with -XX:ReservedCodeCacheSize=
#   JVM is running with Unscaled Compressed Oops mode in which the Java heap is
#     placed in the first 4GB address space. The Java Heap base address is the
#     maximum limit for the native heap growth. Please use -XX:HeapBaseMinAddress
#     to set the Java Heap base and to place the Java Heap above 4GB virtual address.
# This output file may be truncated or incomplete.
#
#  Out of Memory Error (allocation.cpp:272), pid=6916, tid=0x00000000000033ac
#
# JRE version: OpenJDK Runtime Environment (8.0_212-b04) (build 1.8.0_212-release-1586-b04)
# Java VM: OpenJDK 64-Bit Server VM (25.212-b04 mixed mode windows-amd64 compressed oops)
# Failed to write core dump. Minidumps are not enabled by default on client versions of Windows
#

---------------  T H R E A D  ---------------

Current thread (0x0000000019bc1000):  JavaThread "Daemon worker" [_thread_in_vm, id=13228, stack(0x000000001b140000,0x000000001b240000)]

Stack: [0x000000001b140000,0x000000001b240000]
[error occurred during error reporting (printing stack bounds), id 0xc0000005]

Native frames: (J=compiled Java code, j=interpreted, Vv=VM code, C=native code)

Java frames: (J=compiled Java code, j=interpreted, Vv=VM code)
J 391  java.lang.Throwable.fillInStackTrace(I)Ljava/lang/Throwable; (0 bytes) @ 0x00000000034f423b [0x00000000034f4200+0x3b]
J 393 C1 java.lang.Throwable.<init>(Ljava/lang/String;Ljava/lang/Throwable;)V (39 bytes) @ 0x00000000034f4ee4 [0x00000000034f4ba0+0x344]
J 319 C1 java.lang.ReflectiveOperationException.<init>(Ljava/lang/String;Ljava/lang/Throwable;)V (7 bytes) @ 0x00000000034d1704 [0x00000000034d1640+0xc4]
J 1384 C2 java.net.URLClassLoader.findClass(Ljava/lang/String;)Ljava/lang/Class; (47 bytes) @ 0x00000000037ed86c [0x00000000037ed760+0x10c]
J 1330 C2 java.lang.ClassLoader.loadClass(Ljava/lang/String;Z)Ljava/lang/Class; (122 bytes) @ 0x00000000037c217c [0x00000000037c1440+0xd3c]
J 381 C1 java.lang.ClassLoader.loadClass(Ljava/lang/String;)Ljava/lang/Class; (7 bytes) @ 0x00000000034f12cc [0x00000000034f11c0+0x10c]
v  ~StubRoutines::call_stub
j  org.gradle.language.nativeplatform.internal.registry.NativeLanguageServices.registerGradleServices(Lorg/gradle/internal/service/ServiceRegistration;)V+1
j  org.gradle.internal.service.scopes.GradleScopeServices$1.execute(Lorg/gradle/internal/service/ServiceRegistration;)V+38
j  org.gradle.internal.service.scopes.GradleScopeServices$1.execute(Ljava/lang/Object;)V+5
j  org.gradle.internal.service.DefaultServiceRegistry.register(Lorg/gradle/api/Action;)V+9
j  org.gradle.internal.service.scopes.GradleScopeServices.<init>(Lorg/gradle/internal/service/ServiceRegistry;Lorg/gradle/api/internal/GradleInternal;)V+53
j  org.gradle.internal.service.scopes.BuildScopeServiceRegistryFactory.createFor(Ljava/lang/Object;)Lorg/gradle/internal/service/ServiceRegistry;+19
j  org.gradle.invocation.DefaultGradle.<init>(Lorg/gradle/api/internal/GradleInternal;Lorg/gradle/StartParameter;Lorg/gradle/internal/service/scopes/ServiceRegistryFactory;)V+35
j  org.gradle.invocation.DefaultGradle_Decorated.<init>(Lorg/gradle/api/internal/GradleInternal;Lorg/gradle/StartParameter;Lorg/gradle/internal/service/scopes/ServiceRegistryFactory;)V+4
v  ~StubRoutines::call_stub
j  sun.reflect.NativeConstructorAccessorImpl.newInstance0(Ljava/lang/reflect/Constructor;[Ljava/lang/Object;)Ljava/lang/Object;+0
j  sun.reflect.NativeConstructorAccessorImpl.newInstance([Ljava/lang/Object;)Ljava/lang/Object;+85
j  sun.reflect.DelegatingConstructorAccessorImpl.newInstance([Ljava/lang/Object;)Ljava/lang/Object;+5
j  java.lang.reflect.Constructor.newInstance([Ljava/lang/Object;)Ljava/lang/Object;+79
j  org.gradle.internal.reflect.DirectInstantiator.newInstance(Ljava/lang/Class;[Ljava/lang/Object;)Ljava/lang/Object;+41
j  org.gradle.api.internal.ClassGeneratorBackedInstantiator.newInstance(Ljava/lang/Class;[Ljava/lang/Object;)Ljava/lang/Object;+19
j  org.gradle.initialization.DefaultGradleLauncherFactory.doNewInstance(Lorg/gradle/api/internal/BuildDefinition;Lorg/gradle/internal/build/BuildState;Lorg/gradle/initialization/GradleLauncher;Lorg/gradle/internal/service/scopes/BuildTreeScopeServices;Ljava/util/List;)Lorg/gradle/initialization/DefaultGradleLauncher;+310
j  org.gradle.initialization.DefaultGradleLauncherFactory.newInstance(Lorg/gradle/api/internal/BuildDefinition;Lorg/gradle/internal/build/RootBuildState;Lorg/gradle/internal/service/scopes/BuildTreeScopeServices;)Lorg/gradle/initialization/GradleLauncher;+33
j  org.gradle.composite.internal.DefaultRootBuildState.<init>(Lorg/gradle/api/internal/BuildDefinition;Lorg/gradle/initialization/GradleLauncherFactory;Lorg/gradle/internal/event/ListenerManager;Lorg/gradle/internal/service/scopes/BuildTreeScopeServices;)V+15
j  org.gradle.composite.internal.DefaultIncludedBuildRegistry.createRootBuild(Lorg/gradle/api/internal/BuildDefinition;)Lorg/gradle/internal/build/RootBuildState;+35
j  org.gradle.launcher.exec.InProcessBuildActionExecuter.execute(Lorg/gradle/internal/invocation/BuildAction;Lorg/gradle/initialization/BuildRequestContext;Lorg/gradle/launcher/exec/BuildActionParameters;Lorg/gradle/internal/service/ServiceRegistry;)Lorg/gradle/launcher/exec/BuildActionResult;+61
j  org.gradle.launcher.exec.InProcessBuildActionExecuter.execute(Lorg/gradle/internal/invocation/BuildAction;Lorg/gradle/initialization/BuildRequestContext;Ljava/lang/Object;Lorg/gradle/internal/service/ServiceRegistry;)Lorg/gradle/launcher/exec/BuildActionResult;+9
j  org.gradle.launcher.exec.BuildTreeScopeBuildActionExecuter.execute(Lorg/gradle/internal/invocation/BuildAction;Lorg/gradle/initialization/BuildRequestContext;Lorg/gradle/launcher/exec/BuildActionParameters;Lorg/gradle/internal/service/ServiceRegistry;)Lorg/gradle/launcher/exec/BuildActionResult;+38
j  org.gradle.launcher.exec.BuildTreeScopeBuildActionExecuter.execute(Lorg/gradle/internal/invocation/BuildAction;Lorg/gradle/initialization/BuildRequestContext;Ljava/lang/Object;Lorg/gradle/internal/service/ServiceRegistry;)Lorg/gradle/launcher/exec/BuildActionResult;+9
j  org.gradle.tooling.internal.provider.ContinuousBuildActionExecuter.execute(Lorg/gradle/internal/invocation/BuildAction;Lorg/gradle/initialization/BuildRequestContext;Lorg/gradle/launcher/exec/BuildActionParameters;Lorg/gradle/internal/service/ServiceRegistry;)Lorg/gradle/launcher/exec/BuildActionResult;+58
j  org.gradle.tooling.internal.provider.ContinuousBuildActionExecuter.execute(Lorg/gradle/internal/invocation/BuildAction;Lorg/gradle/initialization/BuildRequestContext;Ljava/lang/Object;Lorg/gradle/internal/service/ServiceRegistry;)Lorg/gradle/launcher/exec/BuildActionResult;+9
j  org.gradle.tooling.internal.provider.SubscribableBuildActionExecuter.execute(Lorg/gradle/internal/invocation/BuildAction;Lorg/gradle/initialization/BuildRequestContext;Lorg/gradle/launcher/exec/BuildActionParameters;Lorg/gradle/internal/service/ServiceRegistry;)Lorg/gradle/launcher/exec/BuildActionResult;+45
j  org.gradle.tooling.internal.provider.SubscribableBuildActionExecuter.execute(Lorg/gradle/internal/invocation/BuildAction;Lorg/gradle/initialization/BuildRequestContext;Ljava/lang/Object;Lorg/gradle/internal/service/ServiceRegistry;)Lorg/gradle/launcher/exec/BuildActionResult;+9
j  org.gradle.tooling.internal.provider.SessionScopeBuildActionExecuter.execute(Lorg/gradle/internal/invocation/BuildAction;Lorg/gradle/initialization/BuildRequestContext;Lorg/gradle/launcher/exec/BuildActionParameters;Lorg/gradle/internal/service/ServiceRegistry;)Lorg/gradle/launcher/exec/BuildActionResult;+117
j  org.gradle.tooling.internal.provider.SessionScopeBuildActionExecuter.execute(Lorg/gradle/internal/invocation/BuildAction;Lorg/gradle/initialization/BuildRequestContext;Ljava/lang/Object;Lorg/gradle/internal/service/ServiceRegistry;)Lorg/gradle/launcher/exec/BuildActionResult;+9
j  org.gradle.tooling.internal.provider.GradleThreadBuildActionExecuter.execute(Lorg/gradle/internal/invocation/BuildAction;Lorg/gradle/initialization/BuildRequestContext;Lorg/gradle/launcher/exec/BuildActionParameters;Lorg/gradle/internal/service/ServiceRegistry;)Lorg/gradle/launcher/exec/BuildActionResult;+12
j  org.gradle.tooling.internal.provider.GradleThreadBuildActionExecuter.execute(Lorg/gradle/internal/invocation/BuildAction;Lorg/gradle/initialization/BuildRequestContext;Ljava/lang/Object;Lorg/gradle/internal/service/ServiceRegistry;)Lorg/gradle/launcher/exec/BuildActionResult;+9
j  org.gradle.tooling.internal.provider.ParallelismConfigurationBuildActionExecuter.execute(Lorg/gradle/internal/invocation/BuildAction;Lorg/gradle/initialization/BuildRequestContext;Lorg/gradle/launcher/exec/BuildActionParameters;Lorg/gradle/internal/service/ServiceRegistry;)Lorg/gradle/launcher/exec/BuildActionResult;+43
j  org.gradle.tooling.internal.provider.ParallelismConfigurationBuildActionExecuter.execute(Lorg/gradle/internal/invocation/BuildAction;Lorg/gradle/initialization/BuildRequestContext;Ljava/lang/Object;Lorg/gradle/internal/service/ServiceRegistry;)Lorg/gradle/launcher/exec/BuildActionResult;+9
j  org.gradle.tooling.internal.provider.StartParamsValidatingActionExecuter.execute(Lorg/gradle/internal/invocation/BuildAction;Lorg/gradle/initialization/BuildRequestContext;Lorg/gradle/launcher/exec/BuildActionParameters;Lorg/gradle/internal/service/ServiceRegistry;)Lorg/gradle/launcher/exec/BuildActionResult;+177
j  org.gradle.tooling.internal.provider.StartParamsValidatingActionExecuter.execute(Lorg/gradle/internal/invocation/BuildAction;Lorg/gradle/initialization/BuildRequestContext;Ljava/lang/Object;Lorg/gradle/internal/service/ServiceRegistry;)Lorg/gradle/launcher/exec/BuildActionResult;+9
j  org.gradle.tooling.internal.provider.SessionFailureReportingActionExecuter.execute(Lorg/gradle/internal/invocation/BuildAction;Lorg/gradle/initialization/BuildRequestContext;Lorg/gradle/launcher/exec/BuildActionParameters;Lorg/gradle/internal/service/ServiceRegistry;)Lorg/gradle/launcher/exec/BuildActionResult;+9
j  org.gradle.tooling.internal.provider.SessionFailureReportingActionExecuter.execute(Lorg/gradle/internal/invocation/BuildAction;Lorg/gradle/initialization/BuildRequestContext;Ljava/lang/Object;Lorg/gradle/internal/service/ServiceRegistry;)Lorg/gradle/launcher/exec/BuildActionResult;+9
j  org.gradle.tooling.internal.provider.SetupLoggingActionExecuter.execute(Lorg/gradle/internal/invocation/BuildAction;Lorg/gradle/initialization/BuildRequestContext;Lorg/gradle/launcher/exec/BuildActionParameters;Lorg/gradle/internal/service/ServiceRegistry;)Lorg/gradle/launcher/exec/BuildActionResult;+52
j  org.gradle.tooling.internal.provider.SetupLoggingActionExecuter.execute(Lorg/gradle/internal/invocation/BuildAction;Lorg/gradle/initialization/BuildRequestContext;Ljava/lang/Object;Lorg/gradle/internal/service/ServiceRegistry;)Lorg/gradle/launcher/exec/BuildActionResult;+9
j  org.gradle.launcher.daemon.server.exec.ExecuteBuild.doBuild(Lorg/gradle/launcher/daemon/server/api/DaemonCommandExecution;Lorg/gradle/launcher/daemon/protocol/Build;)V+118
j  org.gradle.launcher.daemon.server.exec.BuildCommandOnly.execute(Lorg/gradle/launcher/daemon/server/api/DaemonCommandExecution;)V+49
j  org.gradle.launcher.daemon.server.api.DaemonCommandExecution.proceed()Z+28
j  org.gradle.launcher.daemon.server.exec.WatchForDisconnection.execute(Lorg/gradle/launcher/daemon/server/api/DaemonCommandExecution;)V+19
j  org.gradle.launcher.daemon.server.api.DaemonCommandExecution.proceed()Z+28
j  org.gradle.launcher.daemon.server.exec.ResetDeprecationLogger.execute(Lorg/gradle/launcher/daemon/server/api/DaemonCommandExecution;)V+4
j  org.gradle.launcher.daemon.server.api.DaemonCommandExecution.proceed()Z+28
j  org.gradle.launcher.daemon.server.exec.RequestStopIfSingleUsedDaemon.execute(Lorg/gradle/launcher/daemon/server/api/DaemonCommandExecution;)V+33
j  org.gradle.launcher.daemon.server.api.DaemonCommandExecution.proceed()Z+28
j  org.gradle.launcher.daemon.server.exec.ForwardClientInput$2.call()Ljava/lang/Void;+4
j  org.gradle.launcher.daemon.server.exec.ForwardClientInput$2.call()Ljava/lang/Object;+1
j  org.gradle.util.Swapper.swap(Ljava/lang/Object;Ljava/util/concurrent/Callable;)Ljava/lang/Object;+21
j  org.gradle.launcher.daemon.server.exec.ForwardClientInput.execute(Lorg/gradle/launcher/daemon/server/api/DaemonCommandExecution;)V+63
j  org.gradle.launcher.daemon.server.api.DaemonCommandExecution.proceed()Z+28
j  org.gradle.launcher.daemon.server.exec.LogAndCheckHealth.execute(Lorg/gradle/launcher/daemon/server/api/DaemonCommandExecution;)V+28
j  org.gradle.launcher.daemon.server.api.DaemonCommandExecution.proceed()Z+28
j  org.gradle.launcher.daemon.server.exec.LogToClient.doBuild(Lorg/gradle/launcher/daemon/server/api/DaemonCommandExecution;Lorg/gradle/launcher/daemon/protocol/Build;)V+87
j  org.gradle.launcher.daemon.server.exec.BuildCommandOnly.execute(Lorg/gradle/launcher/daemon/server/api/DaemonCommandExecution;)V+49
j  org.gradle.launcher.daemon.server.api.DaemonCommandExecution.proceed()Z+28
j  org.gradle.launcher.daemon.server.exec.EstablishBuildEnvironment.doBuild(Lorg/gradle/launcher/daemon/server/api/DaemonCommandExecution;Lorg/gradle/launcher/daemon/protocol/Build;)V+355
j  org.gradle.launcher.daemon.server.exec.BuildCommandOnly.execute(Lorg/gradle/launcher/daemon/server/api/DaemonCommandExecution;)V+49
j  org.gradle.launcher.daemon.server.api.DaemonCommandExecution.proceed()Z+28
j  org.gradle.launcher.daemon.server.exec.StartBuildOrRespondWithBusy$1.run()V+44
j  org.gradle.launcher.daemon.server.DaemonStateCoordinator$1.run()V+4
j  org.gradle.internal.concurrent.ExecutorPolicy$CatchAndRecordFailures.onExecute(Ljava/lang/Runnable;)V+1
j  org.gradle.internal.concurrent.ManagedExecutorImpl$1.run()V+25
j  java.util.concurrent.ThreadPoolExecutor.runWorker(Ljava/util/concurrent/ThreadPoolExecutor$Worker;)V+95
j  java.util.concurrent.ThreadPoolExecutor$Worker.run()V+5
j  org.gradle.internal.concurrent.ThreadFactoryImpl$ManagedThreadRunnable.run()V+7
j  java.lang.Thread.run()V+11
v  ~StubRoutines::call_stub

---------------  P R O C E S S  ---------------

Java Threads: ( => current thread )
  0x0000000019fb8000 JavaThread "Cache worker for file hash cache (D:\3-2 study materials\IDP\assignment-master\MSVS5\.gradle\5.1.1\fileHashes)" [_thread_blocked, id=11068, stack(0x000000001d9e0000,0x000000001dae0000)]
  0x0000000019fb9800 JavaThread "Cache worker for journal cache (C:\Users\user\.gradle\caches\journal-1)" [_thread_blocked, id=1976, stack(0x000000001b740000,0x000000001b840000)]
  0x0000000019fb5800 JavaThread "File lock request listener" [_thread_in_native, id=5980, stack(0x000000001b640000,0x000000001b740000)]
  0x0000000019df3800 JavaThread "Cache worker for file hash cache (C:\Users\user\.gradle\caches\5.1.1\fileHashes)" [_thread_blocked, id=11292, stack(0x000000001b540000,0x000000001b640000)]
  0x0000000019cea800 JavaThread "Thread-8" [_thread_blocked, id=5864, stack(0x000000001b440000,0x000000001b540000)]
  0x0000000019bbe800 JavaThread "Stdin handler" [_thread_blocked, id=12716, stack(0x000000001b340000,0x000000001b440000)]
  0x0000000019bbe000 JavaThread "Asynchronous log dispatcher for DefaultDaemonConnection: socket connection from /127.0.0.1:58262 to /127.0.0.1:58263" [_thread_blocked, id=12724, stack(0x000000001b240000,0x000000001b340000)]
=>0x0000000019bc1000 JavaThread "Daemon worker" [_thread_in_vm, id=13228, stack(0x000000001b140000,0x000000001b240000)]
  0x0000000019ce9000 JavaThread "Cancel handler" [_thread_blocked, id=13084, stack(0x000000001b040000,0x000000001b140000)]
  0x000000001929e800 JavaThread "Handler for socket connection from /127.0.0.1:58262 to /127.0.0.1:58263" [_thread_in_native, id=13072, stack(0x000000001ad40000,0x000000001ae40000)]
  0x000000001929d800 JavaThread "Daemon" [_thread_blocked, id=7040, stack(0x000000001ac40000,0x000000001ad40000)]
  0x0000000018cda800 JavaThread "Daemon periodic checks" [_thread_blocked, id=8352, stack(0x000000001ab40000,0x000000001ac40000)]
  0x0000000018cb1000 JavaThread "Incoming local TCP Connector on port 58262" [_thread_in_native, id=9776, stack(0x000000001a900000,0x000000001aa00000)]
  0x0000000018511800 JavaThread "Service Thread" daemon [_thread_blocked, id=5324, stack(0x00000000189f0000,0x0000000018af0000)]
  0x00000000184f8800 JavaThread "C1 CompilerThread2" daemon [_thread_blocked, id=9612, stack(0x00000000188f0000,0x00000000189f0000)]
  0x0000000016c82800 JavaThread "C2 CompilerThread1" daemon [_thread_in_native, id=5276, stack(0x00000000183f0000,0x00000000184f0000)]
  0x0000000016c7b000 JavaThread "C2 CompilerThread0" daemon [_thread_in_native, id=9476, stack(0x00000000182f0000,0x00000000183f0000)]
  0x0000000016c79800 JavaThread "Attach Listener" daemon [_thread_blocked, id=12212, stack(0x00000000181f0000,0x00000000182f0000)]
  0x0000000016c86000 JavaThread "Signal Dispatcher" daemon [_thread_blocked, id=8692, stack(0x00000000180f0000,0x00000000181f0000)]
  0x000000000330c000 JavaThread "Finalizer" daemon [_thread_blocked, id=4396, stack(0x0000000017ef0000,0x0000000017ff0000)]
  0x0000000016c69000 JavaThread "Reference Handler" daemon [_thread_blocked, id=1980, stack(0x0000000017df0000,0x0000000017ef0000)]
  0x000000000188d800 JavaThread "main" [_thread_blocked, id=11596, stack(0x0000000003110000,0x0000000003210000)]

Other Threads:
  0x0000000016c46800 VMThread [stack: 0x0000000017cf0000,0x0000000017df0000] [id=11676]
  0x0000000016cdd800 WatcherThread [stack: 0x0000000018af0000,0x0000000018bf0000] [id=9656]

VM state:not at safepoint (normal execution)

VM Mutex/Monitor currently owned by a thread: None

heap address: 0x00000000a0000000, size: 1536 MB, Compressed Oops mode: 32-bit
Narrow klass base: 0x0000000000000000, Narrow klass shift: 3
Compressed class space size: 1073741824 Address: 0x0000000100000000

Heap:
 PSYoungGen      total 38400K, used 16684K [0x00000000e0000000, 0x00000000e2a80000, 0x0000000100000000)
  eden space 33280K, 34% used [0x00000000e0000000,0x00000000e0b4f2a8,0x00000000e2080000)
  from space 5120K, 99% used [0x00000000e2580000,0x00000000e2a7c030,0x00000000e2a80000)
  to   space 5120K, 0% used [0x00000000e2080000,0x00000000e2080000,0x00000000e2580000)
 ParOldGen       total 87552K, used 5245K [0x00000000a0000000, 0x00000000a5580000, 0x00000000e0000000)
  object space 87552K, 5% used [0x00000000a0000000,0x00000000a051f7d0,0x00000000a5580000)
 Metaspace       used 17182K, capacity 17586K, committed 17792K, reserved 1064960K
  class space    used 2474K, capacity 2649K, committed 2688K, reserved 1048576K

Card table byte_map: [0x00000000126d0000,0x00000000129e0000] byte_map_base: 0x00000000121d0000

Marking Bits: (ParMarkBitMap*) 0x0000000077f79f30
 Begin Bits: [0x0000000012fe0000, 0x00000000147e0000)
 End Bits:   [0x00000000147e0000, 0x0000000015fe0000)

Polling page: 0x0000000000ff0000

CodeCache: size=245760Kb used=5440Kb max_used=5440Kb free=240319Kb
 bounds [0x0000000003310000, 0x0000000003870000, 0x0000000012310000]
 total_blobs=1959 nmethods=1562 adapters=310
 compilation: enabled

Compilation events (10 events):
Event: 4.807 Thread 0x00000000184f8800 1563       3       org.gradle.internal.service.DefaultServiceMethodFactory::toServiceMethod (11 bytes)
Event: 4.808 Thread 0x00000000184f8800 nmethod 1563 0x000000000385b5d0 code [0x000000000385b740, 0x000000000385b968]
Event: 4.808 Thread 0x00000000184f8800 1564   !   3       org.gradle.internal.service.MethodHandleBasedServiceMethodFactory::toServiceMethod (51 bytes)
Event: 4.809 Thread 0x00000000184f8800 nmethod 1564 0x000000000385ba50 code [0x000000000385bce0, 0x000000000385cec8]
Event: 4.809 Thread 0x00000000184f8800 1565       3       sun.reflect.generics.tree.ClassTypeSignature::accept (8 bytes)
Event: 4.809 Thread 0x00000000184f8800 nmethod 1565 0x000000000385d8d0 code [0x000000000385da40, 0x000000000385dc28]
Event: 4.809 Thread 0x00000000184f8800 1566       3       sun.reflect.generics.visitor.Reifier::visitClassTypeSignature (381 bytes)
Event: 4.811 Thread 0x00000000184f8800 nmethod 1566 0x000000000385dd10 code [0x000000000385e140, 0x0000000003860388]
Event: 4.811 Thread 0x00000000184f8800 1568       3       java.lang.invoke.InvokerBytecodeGenerator::assertStaticType (58 bytes)
Event: 4.811 Thread 0x00000000184f8800 nmethod 1568 0x0000000003861810 code [0x00000000038619a0, 0x0000000003861ff8]

GC Heap History (8 events):
Event: 1.592 GC heap before
{Heap before GC invocations=1 (full 0):
 PSYoungGen      total 38400K, used 33280K [0x00000000e0000000, 0x00000000e2a80000, 0x0000000100000000)
  eden space 33280K, 100% used [0x00000000e0000000,0x00000000e2080000,0x00000000e2080000)
  from space 5120K, 0% used [0x00000000e2580000,0x00000000e2580000,0x00000000e2a80000)
  to   space 5120K, 0% used [0x00000000e2080000,0x00000000e2080000,0x00000000e2580000)
 ParOldGen       total 87552K, used 0K [0x00000000a0000000, 0x00000000a5580000, 0x00000000e0000000)
  object space 87552K, 0% used [0x00000000a0000000,0x00000000a0000000,0x00000000a5580000)
 Metaspace       used 6618K, capacity 6736K, committed 7040K, reserved 1056768K
  class space    used 804K, capacity 844K, committed 896K, reserved 1048576K
Event: 1.598 GC heap after
Heap after GC invocations=1 (full 0):
 PSYoungGen      total 38400K, used 4125K [0x00000000e0000000, 0x00000000e2a80000, 0x0000000100000000)
  eden space 33280K, 0% used [0x00000000e0000000,0x00000000e0000000,0x00000000e2080000)
  from space 5120K, 80% used [0x00000000e2080000,0x00000000e2487688,0x00000000e2580000)
  to   space 5120K, 0% used [0x00000000e2580000,0x00000000e2580000,0x00000000e2a80000)
 ParOldGen       total 87552K, used 8K [0x00000000a0000000, 0x00000000a5580000, 0x00000000e0000000)
  object space 87552K, 0% used [0x00000000a0000000,0x00000000a0002000,0x00000000a5580000)
 Metaspace       used 6618K, capacity 6736K, committed 7040K, reserved 1056768K
  class space    used 804K, capacity 844K, committed 896K, reserved 1048576K
}
Event: 2.151 GC heap before
{Heap before GC invocations=2 (full 0):
 PSYoungGen      total 38400K, used 37405K [0x00000000e0000000, 0x00000000e2a80000, 0x0000000100000000)
  eden space 33280K, 100% used [0x00000000e0000000,0x00000000e2080000,0x00000000e2080000)
  from space 5120K, 80% used [0x00000000e2080000,0x00000000e2487688,0x00000000e2580000)
  to   space 5120K, 0% used [0x00000000e2580000,0x00000000e2580000,0x00000000e2a80000)
 ParOldGen       total 87552K, used 8K [0x00000000a0000000, 0x00000000a5580000, 0x00000000e0000000)
  object space 87552K, 0% used [0x00000000a0000000,0x00000000a0002000,0x00000000a5580000)
 Metaspace       used 8900K, capacity 9118K, committed 9216K, reserved 1056768K
  class space    used 1158K, capacity 1229K, committed 1280K, reserved 1048576K
Event: 2.156 GC heap after
Heap after GC invocations=2 (full 0):
 PSYoungGen      total 38400K, used 4516K [0x00000000e0000000, 0x00000000e2a80000, 0x0000000100000000)
  eden space 33280K, 0% used [0x00000000e0000000,0x00000000e0000000,0x00000000e2080000)
  from space 5120K, 88% used [0x00000000e2580000,0x00000000e29e90d8,0x00000000e2a80000)
  to   space 5120K, 0% used [0x00000000e2080000,0x00000000e2080000,0x00000000e2580000)
 ParOldGen       total 87552K, used 16K [0x00000000a0000000, 0x00000000a5580000, 0x00000000e0000000)
  object space 87552K, 0% used [0x00000000a0000000,0x00000000a0004000,0x00000000a5580000)
 Metaspace       used 8900K, capacity 9118K, committed 9216K, reserved 1056768K
  class space    used 1158K, capacity 1229K, committed 1280K, reserved 1048576K
}
Event: 4.103 GC heap before
{Heap before GC invocations=3 (full 0):
 PSYoungGen      total 38400K, used 37796K [0x00000000e0000000, 0x00000000e2a80000, 0x0000000100000000)
  eden space 33280K, 100% used [0x00000000e0000000,0x00000000e2080000,0x00000000e2080000)
  from space 5120K, 88% used [0x00000000e2580000,0x00000000e29e90d8,0x00000000e2a80000)
  to   space 5120K, 0% used [0x00000000e2080000,0x00000000e2080000,0x00000000e2580000)
 ParOldGen       total 87552K, used 16K [0x00000000a0000000, 0x00000000a5580000, 0x00000000e0000000)
  object space 87552K, 0% used [0x00000000a0000000,0x00000000a0004000,0x00000000a5580000)
 Metaspace       used 13549K, capacity 13824K, committed 14080K, reserved 1060864K
  class space    used 1851K, capacity 1966K, committed 2048K, reserved 1048576K
Event: 4.111 GC heap after
Heap after GC invocations=3 (full 0):
 PSYoungGen      total 38400K, used 5115K [0x00000000e0000000, 0x00000000e2a80000, 0x0000000100000000)
  eden space 33280K, 0% used [0x00000000e0000000,0x00000000e0000000,0x00000000e2080000)
  from space 5120K, 99% used [0x00000000e2080000,0x00000000e257edd8,0x00000000e2580000)
  to   space 5120K, 0% used [0x00000000e2580000,0x00000000e2580000,0x00000000e2a80000)
 ParOldGen       total 87552K, used 2011K [0x00000000a0000000, 0x00000000a5580000, 0x00000000e0000000)
  object space 87552K, 2% used [0x00000000a0000000,0x00000000a01f6ec0,0x00000000a5580000)
 Metaspace       used 13549K, capacity 13824K, committed 14080K, reserved 1060864K
  class space    used 1851K, capacity 1966K, committed 2048K, reserved 1048576K
}
Event: 4.654 GC heap before
{Heap before GC invocations=4 (full 0):
 PSYoungGen      total 38400K, used 38395K [0x00000000e0000000, 0x00000000e2a80000, 0x0000000100000000)
  eden space 33280K, 100% used [0x00000000e0000000,0x00000000e2080000,0x00000000e2080000)
  from space 5120K, 99% used [0x00000000e2080000,0x00000000e257edd8,0x00000000e2580000)
  to   space 5120K, 0% used [0x00000000e2580000,0x00000000e2580000,0x00000000e2a80000)
 ParOldGen       total 87552K, used 2011K [0x00000000a0000000, 0x00000000a5580000, 0x00000000e0000000)
  object space 87552K, 2% used [0x00000000a0000000,0x00000000a01f6ec0,0x00000000a5580000)
 Metaspace       used 16361K, capacity 16688K, committed 16896K, reserved 1062912K
  class space    used 2333K, capacity 2520K, committed 2560K, reserved 1048576K
Event: 4.667 GC heap after
Heap after GC invocations=4 (full 0):
 PSYoungGen      total 38400K, used 5104K [0x00000000e0000000, 0x00000000e2a80000, 0x0000000100000000)
  eden space 33280K, 0% used [0x00000000e0000000,0x00000000e0000000,0x00000000e2080000)
  from space 5120K, 99% used [0x00000000e2580000,0x00000000e2a7c030,0x00000000e2a80000)
  to   space 5120K, 0% used [0x00000000e2080000,0x00000000e2080000,0x00000000e2580000)
 ParOldGen       total 87552K, used 5245K [0x00000000a0000000, 0x00000000a5580000, 0x00000000e0000000)
  object space 87552K, 5% used [0x00000000a0000000,0x00000000a051f7d0,0x00000000a5580000)
 Metaspace       used 16361K, capacity 16688K, committed 16896K, reserved 1062912K
  class space    used 2333K, capacity 2520K, committed 2560K, reserved 1048576K
}

Deoptimization events (10 events):
Event: 3.699 Thread 0x0000000019bc1000 Uncommon trap: reason=bimorphic action=maybe_recompile pc=0x00000000035a8d2c method=java.util.HashMap.putVal(ILjava/lang/Object;Ljava/lang/Object;ZZ)Ljava/lang/Object; @ 253
Event: 3.699 Thread 0x0000000019bc1000 Uncommon trap: reason=bimorphic action=maybe_recompile pc=0x00000000035a8d2c method=java.util.HashMap.putVal(ILjava/lang/Object;Ljava/lang/Object;ZZ)Ljava/lang/Object; @ 253
Event: 4.039 Thread 0x0000000019bc1000 Uncommon trap: reason=class_check action=maybe_recompile pc=0x00000000035d0e58 method=java.util.regex.Matcher.match(II)Z @ 86
Event: 4.057 Thread 0x0000000019bc1000 Uncommon trap: reason=class_check action=maybe_recompile pc=0x00000000035d0e58 method=java.util.regex.Matcher.match(II)Z @ 86
Event: 4.057 Thread 0x0000000019bc1000 Uncommon trap: reason=class_check action=maybe_recompile pc=0x00000000035d0e58 method=java.util.regex.Matcher.match(II)Z @ 86
Event: 4.058 Thread 0x0000000019bc1000 Uncommon trap: reason=class_check action=maybe_recompile pc=0x00000000035a42dc method=java.util.regex.Matcher.match(II)Z @ 86
Event: 4.422 Thread 0x0000000019bc1000 Uncommon trap: reason=unstable_if action=reinterpret pc=0x000000000371b034 method=java.lang.String.lastIndexOf([CII[CIII)I @ 66
Event: 4.491 Thread 0x0000000019bc1000 Uncommon trap: reason=unstable_if action=reinterpret pc=0x000000000346f6c8 method=java.net.URI.match(CJJ)Z @ 19
Event: 4.492 Thread 0x0000000019bc1000 Uncommon trap: reason=unstable_if action=reinterpret pc=0x000000000356f340 method=java.net.URI.match(CJJ)Z @ 19
Event: 4.586 Thread 0x0000000019bc1000 Uncommon trap: reason=unstable_if action=reinterpret pc=0x00000000037f3fdc method=java.util.jar.JarFile.maybeInstantiateVerifier()V @ 21

Classes redefined (0 events):
No events

Internal exceptions (10 events):
Event: 3.615 Thread 0x000000001929e800 Exception <a 'java/lang/NoSuchMethodError': <clinit>> (0x00000000e0935258) thrown at [D:\src\AOSP-openjdk-cygwin\jdk8u\hotspot\src\share\vm\prims\jni.cpp, line 1614]
Event: 3.622 Thread 0x000000001929e800 Exception <a 'java/lang/NoSuchMethodError': <clinit>> (0x00000000e09483b8) thrown at [D:\src\AOSP-openjdk-cygwin\jdk8u\hotspot\src\share\vm\prims\jni.cpp, line 1614]
Event: 3.628 Thread 0x000000001929e800 Exception <a 'java/lang/NoSuchMethodError': <clinit>> (0x00000000e096f740) thrown at [D:\src\AOSP-openjdk-cygwin\jdk8u\hotspot\src\share\vm\prims\jni.cpp, line 1614]
Event: 3.631 Thread 0x000000001929e800 Exception <a 'java/lang/NoSuchMethodError': <clinit>> (0x00000000e0987770) thrown at [D:\src\AOSP-openjdk-cygwin\jdk8u\hotspot\src\share\vm\prims\jni.cpp, line 1614]
Event: 3.632 Thread 0x000000001929e800 Exception <a 'java/lang/NoSuchMethodError': <clinit>> (0x00000000e0990400) thrown at [D:\src\AOSP-openjdk-cygwin\jdk8u\hotspot\src\share\vm\prims\jni.cpp, line 1614]
Event: 3.635 Thread 0x000000001929e800 Exception <a 'java/lang/NoSuchMethodError': <clinit>> (0x00000000e09a69c0) thrown at [D:\src\AOSP-openjdk-cygwin\jdk8u\hotspot\src\share\vm\prims\jni.cpp, line 1614]
Event: 3.650 Thread 0x000000001929e800 Exception <a 'java/lang/NoSuchMethodError': <clinit>> (0x00000000e0a0e888) thrown at [D:\src\AOSP-openjdk-cygwin\jdk8u\hotspot\src\share\vm\prims\jni.cpp, line 1614]
Event: 3.657 Thread 0x000000001929e800 Exception <a 'java/lang/NoSuchMethodError': <clinit>> (0x00000000e0a3b410) thrown at [D:\src\AOSP-openjdk-cygwin\jdk8u\hotspot\src\share\vm\prims\jni.cpp, line 1614]
Event: 3.661 Thread 0x000000001929e800 Exception <a 'java/lang/NoSuchMethodError': <clinit>> (0x00000000e0a58e58) thrown at [D:\src\AOSP-openjdk-cygwin\jdk8u\hotspot\src\share\vm\prims\jni.cpp, line 1614]
Event: 4.586 Thread 0x0000000019bc1000 Implicit null exception at 0x00000000037f3bfb to 0x00000000037f3fcd

Events (10 events):
Event: 4.816 loading class org/gradle/api/internal/artifacts/transform/TransformationNodeExecutor
Event: 4.816 loading class org/gradle/api/internal/artifacts/transform/TransformationNodeExecutor done
Event: 4.817 loading class org/gradle/language/java/internal/JavaLanguagePluginServiceRegistry$JavaGradleScopeServices
Event: 4.817 loading class org/gradle/language/java/internal/JavaLanguagePluginServiceRegistry$JavaGradleScopeServices done
Event: 4.817 loading class org/gradle/api/internal/tasks/compile/processing/AnnotationProcessorDetector
Event: 4.817 loading class org/gradle/api/internal/tasks/compile/processing/AnnotationProcessorDetector done
Event: 4.820 loading class org/gradle/language/java/artifact/JavadocArtifact
Event: 4.820 loading class org/gradle/language/java/artifact/JavadocArtifact done
Event: 4.821 loading class org/gradle/language/nativeplatform/internal/incremental/DefaultCompilationStateCacheFactory
Event: 4.821 loading class org/gradle/language/nativeplatform/internal/incremental/DefaultCompilationStateCacheFactory done


Dynamic libraries:
0x00007ff6bcd90000 - 0x00007ff6bcdc1000 	D:\android\jre\bin\java.exe
0x00007ffd443e0000 - 0x00007ffd445d0000 	C:\WINDOWS\SYSTEM32\ntdll.dll
0x00007ffd42c00000 - 0x00007ffd42cb2000 	C:\WINDOWS\System32\KERNEL32.DLL
0x00007ffd413e0000 - 0x00007ffd41684000 	C:\WINDOWS\System32\KERNELBASE.dll
0x00007ffd42ac0000 - 0x00007ffd42b63000 	C:\WINDOWS\System32\ADVAPI32.dll
0x00007ffd43710000 - 0x00007ffd437ae000 	C:\WINDOWS\System32\msvcrt.dll
0x00007ffd42490000 - 0x00007ffd42527000 	C:\WINDOWS\System32\sechost.dll
0x00007ffd425e0000 - 0x00007ffd42700000 	C:\WINDOWS\System32\RPCRT4.dll
0x00007ffd43fe0000 - 0x00007ffd44174000 	C:\WINDOWS\System32\USER32.dll
0x00007ffd421f0000 - 0x00007ffd42211000 	C:\WINDOWS\System32\win32u.dll
0x00007ffd42bd0000 - 0x00007ffd42bf6000 	C:\WINDOWS\System32\GDI32.dll
0x00007ffd42220000 - 0x00007ffd423b5000 	C:\WINDOWS\System32\gdi32full.dll
0x00007ffd423c0000 - 0x00007ffd4245e000 	C:\WINDOWS\System32\msvcp_win.dll
0x00007ffd41710000 - 0x00007ffd4180a000 	C:\WINDOWS\System32\ucrtbase.dll
0x00007ffd2df80000 - 0x00007ffd2e204000 	C:\WINDOWS\WinSxS\amd64_microsoft.windows.common-controls_6595b64144ccf1df_6.0.18362.900_none_e6beb9d913147d17\COMCTL32.dll
0x00007ffd42780000 - 0x00007ffd42ab5000 	C:\WINDOWS\System32\combase.dll
0x00007ffd41690000 - 0x00007ffd41710000 	C:\WINDOWS\System32\bcryptPrimitives.dll
0x00007ffd42cc0000 - 0x00007ffd42cee000 	C:\WINDOWS\System32\IMM32.DLL
0x0000000050cd0000 - 0x0000000050da2000 	D:\android\jre\jre\bin\msvcr100.dll
0x00000000777b0000 - 0x0000000077ff6000 	D:\android\jre\jre\bin\server\jvm.dll
0x00007ffd42700000 - 0x00007ffd42708000 	C:\WINDOWS\System32\PSAPI.DLL
0x00007ffd25330000 - 0x00007ffd25339000 	C:\WINDOWS\SYSTEM32\WSOCK32.dll
0x00007ffd3f240000 - 0x00007ffd3f264000 	C:\WINDOWS\SYSTEM32\WINMM.dll
0x00007ffd43ea0000 - 0x00007ffd43f0f000 	C:\WINDOWS\System32\WS2_32.dll
0x00007ffd3f1e0000 - 0x00007ffd3f20d000 	C:\WINDOWS\SYSTEM32\WINMMBASE.dll
0x00007ffd3d7c0000 - 0x00007ffd3d7ca000 	C:\WINDOWS\SYSTEM32\VERSION.dll
0x00007ffd41370000 - 0x00007ffd413ba000 	C:\WINDOWS\System32\cfgmgr32.dll
0x00007ffd24a20000 - 0x00007ffd24a2f000 	D:\android\jre\jre\bin\verify.dll
0x00007ffd0ed20000 - 0x00007ffd0ed49000 	D:\android\jre\jre\bin\java.dll
0x00007ffd106d0000 - 0x00007ffd106e6000 	D:\android\jre\jre\bin\zip.dll
0x00007ffd42ec0000 - 0x00007ffd435a6000 	C:\WINDOWS\System32\SHELL32.dll
0x00007ffd42530000 - 0x00007ffd425d9000 	C:\WINDOWS\System32\shcore.dll
0x00007ffd41810000 - 0x00007ffd41f90000 	C:\WINDOWS\System32\windows.storage.dll
0x00007ffd412b0000 - 0x00007ffd412d3000 	C:\WINDOWS\System32\profapi.dll
0x00007ffd41320000 - 0x00007ffd4136a000 	C:\WINDOWS\System32\powrprof.dll
0x00007ffd412a0000 - 0x00007ffd412b0000 	C:\WINDOWS\System32\UMPDC.dll
0x00007ffd42d10000 - 0x00007ffd42d62000 	C:\WINDOWS\System32\shlwapi.dll
0x00007ffd41300000 - 0x00007ffd41311000 	C:\WINDOWS\System32\kernel.appcore.dll
0x00007ffd413c0000 - 0x00007ffd413d7000 	C:\WINDOWS\System32\cryptsp.dll
0x00007ffd103d0000 - 0x00007ffd103ea000 	D:\android\jre\jre\bin\net.dll
0x00007ffd33fa0000 - 0x00007ffd34176000 	C:\WINDOWS\SYSTEM32\urlmon.dll
0x00007ffd33cf0000 - 0x00007ffd33f96000 	C:\WINDOWS\SYSTEM32\iertutil.dll
0x00007ffd40c80000 - 0x00007ffd40c8c000 	C:\WINDOWS\SYSTEM32\CRYPTBASE.DLL
0x00007ffd40ab0000 - 0x00007ffd40b17000 	C:\WINDOWS\system32\mswsock.dll
0x00007ffd0fa90000 - 0x00007ffd0faa3000 	D:\android\jre\jre\bin\nio.dll
0x00007ffd0efd0000 - 0x00007ffd0efee000 	C:\Users\user\.gradle\native\25\windows-amd64\native-platform.dll
0x00007ffd24780000 - 0x00007ffd2478d000 	D:\android\jre\jre\bin\management.dll
0x00007ffd40620000 - 0x00007ffd40653000 	C:\WINDOWS\system32\rsaenh.dll
0x00007ffd42460000 - 0x00007ffd42486000 	C:\WINDOWS\System32\bcrypt.dll
0x00007ffd411c0000 - 0x00007ffd411e5000 	C:\WINDOWS\SYSTEM32\USERENV.dll
0x00007ffd407c0000 - 0x00007ffd407fa000 	C:\WINDOWS\SYSTEM32\IPHLPAPI.DLL
0x00007ffd43e90000 - 0x00007ffd43e98000 	C:\WINDOWS\System32\NSI.dll
0x00007ffd37620000 - 0x00007ffd37636000 	C:\WINDOWS\SYSTEM32\dhcpcsvc6.DLL
0x00007ffd391e0000 - 0x00007ffd391fc000 	C:\WINDOWS\SYSTEM32\dhcpcsvc.DLL
0x00007ffd40800000 - 0x00007ffd408cb000 	C:\WINDOWS\SYSTEM32\DNSAPI.dll

VM Arguments:
jvm_args: -Xmx1536m -Dfile.encoding=windows-1252 -Duser.country=US -Duser.language=en -Duser.variant 
java_command: org.gradle.launcher.daemon.bootstrap.GradleDaemon 5.1.1
java_class_path (initial): C:\Users\user\.gradle\wrapper\dists\gradle-5.1.1-all\97z1ksx6lirer3kbvdnh7jtjg\gradle-5.1.1\lib\gradle-launcher-5.1.1.jar
Launcher Type: SUN_STANDARD

Environment Variables:
PATH=C:\Program Files (x86)\Intel\iCLS Client\;C:\Program Files\Intel\iCLS Client\;C:\WINDOWS\system32;C:\WINDOWS;C:\WINDOWS\System32\Wbem;C:\WINDOWS\System32\WindowsPowerShell\v1.0\;C:\WINDOWS\System32\OpenSSH\;C:\Program Files (x86)\Intel\Intel(R) Management Engine Components\DAL;C:\Program Files\Intel\Intel(R) Management Engine Components\DAL;C:\Program Files (x86)\Intel\Intel(R) Management Engine Components\IPT;C:\Program Files\Intel\Intel(R) Management Engine Components\IPT;C:\Program Files\Java\jdk-12.0.2\bin;G:\ultimate matlab\runtime\win64;G:\ultimate matlab\bin;G:\ultimate matlab\polyspace\bin;D:\git\Git\cmd;C:\Program Files\MongoDB\Server\4.4\bin;G:\node js\New folder\;C:\Users\user\AppData\Local\Programs\Python\Python38-32\Scripts\;C:\Users\user\AppData\Local\Programs\Python\Python38-32\;C:\Program Files\MySQL\MySQL Shell 8.0\bin\;C:\Users\user\AppData\Local\GitHubDesktop\bin;C:\Users\user\AppData\Local\Microsoft\WindowsApps;G:\visual studio code\Microsoft VS Code\bin;G:\pycharm\PyCharm 2020.1\bin;C:\src\flutter\bin;C:\Users\user\AppData\Local\atom\bin;C:\Users\user\AppData\Roaming\npm
USERNAME=user
OS=Windows_NT
PROCESSOR_IDENTIFIER=Intel64 Family 6 Model 142 Stepping 9, GenuineIntel



---------------  S Y S T E M  ---------------

OS: Windows 10.0 , 64 bit Build 18362 (10.0.18362.900)

CPU:total 4 (initial active 4) (2 cores per cpu, 2 threads per core) family 6 model 142 stepping 9, cmov, cx8, fxsr, mmx, sse, sse2, sse3, ssse3, sse4.1, sse4.2, popcnt, avx, avx2, aes, clmul, erms, 3dnowpref, lzcnt, ht, tsc, tscinvbit, bmi1, bmi2, adx

Memory: 4k page, physical 8281860k(1019040k free), swap 19047672k(4148k free)

vm_info: OpenJDK 64-Bit Server VM (25.212-b04) for windows-amd64 JRE (1.8.0_212-release-1586-b04), built by "builder" with MS VC++ 10.0 (VS2010)

time: Tue Jan 19 00:34:59 2021
timezone: Bangladesh Standard Time
elapsed time: 4 seconds (0d 0h 0m 4s)

